<?xml version="1.0" encoding="UTF-8"?>
<testsuite xmlns:xsi="http://www.w3.org/2001/XMLSchema-instance" xsi:noNamespaceSchemaLocation="https://maven.apache.org/surefire/maven-surefire-plugin/xsd/surefire-test-report.xsd" name="QuizTest" time="0.029" tests="3" errors="0" skipped="0" failures="0">
  <properties>
    <property name="java.specification.version" value="14"/>
    <property name="sun.jnu.encoding" value="UTF-8"/>
    <property name="java.class.path" value="/home/navin/Documents/MIU/WAP(MZ)/lab/w3d5/ServletNumberGame/target/test-classes:/home/navin/Documents/MIU/WAP(MZ)/lab/w3d5/ServletNumberGame/target/classes:/home/navin/.m2/repository/junit/junit/4.11/junit-4.11.jar:/home/navin/.m2/repository/org/hamcrest/hamcrest-core/1.3/hamcrest-core-1.3.jar:/home/navin/.m2/repository/javax/servlet/javax.servlet-api/4.0.1/javax.servlet-api-4.0.1.jar:/home/navin/.m2/repository/javax/el/javax.el-api/3.0.0/javax.el-api-3.0.0.jar:/home/navin/.m2/repository/jstl/jstl/1.2/jstl-1.2.jar:"/>
    <property name="java.vm.vendor" value="Oracle Corporation"/>
    <property name="sun.arch.data.model" value="64"/>
    <property name="java.vendor.url" value="https://java.oracle.com/"/>
    <property name="os.name" value="Linux"/>
    <property name="java.vm.specification.version" value="14"/>
    <property name="sun.java.launcher" value="SUN_STANDARD"/>
    <property name="user.country" value="US"/>
    <property name="sun.boot.library.path" value="/home/navin/.jdks/openjdk-14.0.1/lib"/>
    <property name="sun.java.command" value="/home/navin/Documents/MIU/WAP(MZ)/lab/w3d5/ServletNumberGame/target/surefire/surefirebooter10381414047164763204.jar /home/navin/Documents/MIU/WAP(MZ)/lab/w3d5/ServletNumberGame/target/surefire 2020-07-10T15-58-52_818-jvmRun1 surefire17969886782163859056tmp surefire_09462823014232535780tmp"/>
    <property name="jdk.debug" value="release"/>
    <property name="surefire.test.class.path" value="/home/navin/Documents/MIU/WAP(MZ)/lab/w3d5/ServletNumberGame/target/test-classes:/home/navin/Documents/MIU/WAP(MZ)/lab/w3d5/ServletNumberGame/target/classes:/home/navin/.m2/repository/junit/junit/4.11/junit-4.11.jar:/home/navin/.m2/repository/org/hamcrest/hamcrest-core/1.3/hamcrest-core-1.3.jar:/home/navin/.m2/repository/javax/servlet/javax.servlet-api/4.0.1/javax.servlet-api-4.0.1.jar:/home/navin/.m2/repository/javax/el/javax.el-api/3.0.0/javax.el-api-3.0.0.jar:/home/navin/.m2/repository/jstl/jstl/1.2/jstl-1.2.jar:"/>
    <property name="sun.cpu.endian" value="little"/>
    <property name="user.home" value="/home/navin"/>
    <property name="user.language" value="en"/>
    <property name="java.specification.vendor" value="Oracle Corporation"/>
    <property name="java.version.date" value="2020-04-14"/>
    <property name="java.home" value="/home/navin/.jdks/openjdk-14.0.1"/>
    <property name="file.separator" value="/"/>
    <property name="basedir" value="/home/navin/Documents/MIU/WAP(MZ)/lab/w3d5/ServletNumberGame"/>
    <property name="java.vm.compressedOopsMode" value="32-bit"/>
    <property name="line.separator" value="&#10;"/>
    <property name="java.vm.specification.vendor" value="Oracle Corporation"/>
    <property name="java.specification.name" value="Java Platform API Specification"/>
    <property name="idea.version2020.1.3" value="true"/>
    <property name="surefire.real.class.path" value="/home/navin/Documents/MIU/WAP(MZ)/lab/w3d5/ServletNumberGame/target/surefire/surefirebooter10381414047164763204.jar"/>
    <property name="sun.management.compiler" value="HotSpot 64-Bit Tiered Compilers"/>
    <property name="java.runtime.version" value="14.0.1+7"/>
    <property name="user.name" value="navin"/>
    <property name="path.separator" value=":"/>
    <property name="os.version" value="5.6.16-1-MANJARO"/>
    <property name="java.runtime.name" value="OpenJDK Runtime Environment"/>
    <property name="file.encoding" value="UTF-8"/>
    <property name="java.vm.name" value="OpenJDK 64-Bit Server VM"/>
    <property name="localRepository" value="/home/navin/.m2/repository"/>
    <property name="java.vendor.url.bug" value="https://bugreport.java.com/bugreport/"/>
    <property name="java.io.tmpdir" value="/tmp"/>
    <property name="java.version" value="14.0.1"/>
    <property name="user.dir" value="/home/navin/Documents/MIU/WAP(MZ)/lab/w3d5/ServletNumberGame"/>
    <property name="os.arch" value="amd64"/>
    <property name="java.vm.specification.name" value="Java Virtual Machine Specification"/>
    <property name="java.library.path" value="/usr/java/packages/lib:/usr/lib64:/lib64:/lib:/usr/lib"/>
    <property name="java.vm.info" value="mixed mode, sharing"/>
    <property name="java.vendor" value="Oracle Corporation"/>
    <property name="java.vm.version" value="14.0.1+7"/>
    <property name="sun.io.unicode.encoding" value="UnicodeLittle"/>
    <property name="java.class.version" value="58.0"/>
  </properties>
  <testcase name="testGetNumberCorrect" classname="QuizTest" time="0.001"/>
  <testcase name="testIsCorrect" classname="QuizTest" time="0"/>
  <testcase name="testGetNumberQuestions" classname="QuizTest" time="0"/>
</testsuite>